  Board.cpp
C:\Users\mikel\source\repos\Connect Four\Pong\Board.h(19,20): warning C4244: 'initializing': conversion from 'T' to 'int', possible loss of data
          with
          [
              T=float
          ]
C:\Users\mikel\source\repos\Connect Four\Pong\Board.h(19,45): warning C4244: 'initializing': conversion from 'T' to 'int', possible loss of data
          with
          [
              T=float
          ]
C:\Users\mikel\source\repos\Connect Four\Pong\Board.h(24,36): warning C4244: '=': conversion from 'T' to 'int', possible loss of data
          with
          [
              T=float
          ]
C:\Users\mikel\source\repos\Connect Four\Pong\Board.cpp(15,58): warning C4244: 'argument': conversion from 'int' to 'float', possible loss of data
C:\Users\mikel\source\repos\Connect Four\Pong\Board.cpp(15,39): warning C4244: 'argument': conversion from 'int' to 'float', possible loss of data
C:\Users\mikel\source\repos\Connect Four\Pong\Board.cpp(26,58): warning C4244: 'argument': conversion from 'int' to 'float', possible loss of data
C:\Users\mikel\source\repos\Connect Four\Pong\Board.cpp(26,39): warning C4244: 'argument': conversion from 'int' to 'float', possible loss of data
  Menu.cpp
C:\Users\mikel\source\repos\Connect Four\Pong\Board.h(19,20): warning C4244: 'initializing': conversion from 'T' to 'int', possible loss of data
          with
          [
              T=float
          ]
C:\Users\mikel\source\repos\Connect Four\Pong\Board.h(19,45): warning C4244: 'initializing': conversion from 'T' to 'int', possible loss of data
          with
          [
              T=float
          ]
C:\Users\mikel\source\repos\Connect Four\Pong\Board.h(24,36): warning C4244: '=': conversion from 'T' to 'int', possible loss of data
          with
          [
              T=float
          ]
C:\Users\mikel\source\repos\Connect Four\Pong\Menu.cpp(21,21): warning C4305: 'argument': truncation from 'double' to 'float'
C:\Users\mikel\source\repos\Connect Four\Pong\Menu.cpp(416,21): warning C4305: 'argument': truncation from 'double' to 'float'
C:\Users\mikel\source\repos\Connect Four\Pong\Menu.cpp(432,10): warning C4996: 'sf::Text::setColor': was declared deprecated
C:\Users\mikel\source\repos\Connect Four\Pong\Menu.cpp(439,10): warning C4996: 'sf::Text::setColor': was declared deprecated
  main.cpp
C:\Users\mikel\source\repos\Connect Four\Pong\Board.h(19,20): warning C4244: 'initializing': conversion from 'T' to 'int', possible loss of data
          with
          [
              T=float
          ]
C:\Users\mikel\source\repos\Connect Four\Pong\Board.h(19,45): warning C4244: 'initializing': conversion from 'T' to 'int', possible loss of data
          with
          [
              T=float
          ]
C:\Users\mikel\source\repos\Connect Four\Pong\Board.h(24,36): warning C4244: '=': conversion from 'T' to 'int', possible loss of data
          with
          [
              T=float
          ]
  Generating Code...
  Pong.vcxproj -> C:\Users\mikel\source\repos\Connect Four\Debug\Pong.exe
