  main.cpp
C:\Users\mikel\source\repos\Connect Four\Pong\Board.h(22,20): warning C4244: 'initializing': conversion from 'T' to 'int', possible loss of data
          with
          [
              T=float
          ]
C:\Users\mikel\source\repos\Connect Four\Pong\Board.h(22,45): warning C4244: 'initializing': conversion from 'T' to 'int', possible loss of data
          with
          [
              T=float
          ]
C:\Users\mikel\source\repos\Connect Four\Pong\Board.h(27,36): warning C4244: '=': conversion from 'T' to 'int', possible loss of data
          with
          [
              T=float
          ]
  Generating code
  6 of 137 functions ( 4.4%) were compiled, the rest were copied from previous compilation.
    0 functions were new in current compilation
    3 functions had inline decision re-evaluated but remain unchanged
  Finished generating code
  Pong.vcxproj -> C:\Users\mikel\source\repos\Connect Four\Release\Pong.exe
