  BlankPiece.cpp
C:\Users\mikel\source\repos\Connect Four\Pong\BlankPiece.cpp(5,23): warning C4244: 'argument': conversion from 'int' to 'float', possible loss of data
C:\Users\mikel\source\repos\Connect Four\Pong\BlankPiece.cpp(5,17): warning C4244: 'argument': conversion from 'int' to 'float', possible loss of data
  Board.cpp
C:\Users\mikel\source\repos\Connect Four\Pong\Board.h(19,20): warning C4244: 'initializing': conversion from 'T' to 'int', possible loss of data
          with
          [
              T=float
          ]
C:\Users\mikel\source\repos\Connect Four\Pong\Board.h(19,45): warning C4244: 'initializing': conversion from 'T' to 'int', possible loss of data
          with
          [
              T=float
          ]
C:\Users\mikel\source\repos\Connect Four\Pong\Board.h(24,36): warning C4244: '=': conversion from 'T' to 'int', possible loss of data
          with
          [
              T=float
          ]
C:\Users\mikel\source\repos\Connect Four\Pong\Board.cpp(15,58): warning C4244: 'argument': conversion from 'int' to 'float', possible loss of data
C:\Users\mikel\source\repos\Connect Four\Pong\Board.cpp(15,39): warning C4244: 'argument': conversion from 'int' to 'float', possible loss of data
C:\Users\mikel\source\repos\Connect Four\Pong\Board.cpp(26,58): warning C4244: 'argument': conversion from 'int' to 'float', possible loss of data
C:\Users\mikel\source\repos\Connect Four\Pong\Board.cpp(26,39): warning C4244: 'argument': conversion from 'int' to 'float', possible loss of data
  main.cpp
C:\Users\mikel\source\repos\Connect Four\Pong\Board.h(19,20): warning C4244: 'initializing': conversion from 'T' to 'int', possible loss of data
          with
          [
              T=float
          ]
C:\Users\mikel\source\repos\Connect Four\Pong\Board.h(19,45): warning C4244: 'initializing': conversion from 'T' to 'int', possible loss of data
          with
          [
              T=float
          ]
C:\Users\mikel\source\repos\Connect Four\Pong\Board.h(24,36): warning C4244: '=': conversion from 'T' to 'int', possible loss of data
          with
          [
              T=float
          ]
  Menu.cpp
C:\Users\mikel\source\repos\Connect Four\Pong\Board.h(19,20): warning C4244: 'initializing': conversion from 'T' to 'int', possible loss of data
          with
          [
              T=float
          ]
C:\Users\mikel\source\repos\Connect Four\Pong\Board.h(19,45): warning C4244: 'initializing': conversion from 'T' to 'int', possible loss of data
          with
          [
              T=float
          ]
C:\Users\mikel\source\repos\Connect Four\Pong\Board.h(24,36): warning C4244: '=': conversion from 'T' to 'int', possible loss of data
          with
          [
              T=float
          ]
C:\Users\mikel\source\repos\Connect Four\Pong\Menu.cpp(21,21): warning C4305: 'argument': truncation from 'double' to 'float'
C:\Users\mikel\source\repos\Connect Four\Pong\Menu.cpp(416,21): warning C4305: 'argument': truncation from 'double' to 'float'
C:\Users\mikel\source\repos\Connect Four\Pong\Menu.cpp(432,10): warning C4996: 'sf::Text::setColor': was declared deprecated
C:\Users\mikel\source\repos\Connect Four\Pong\Menu.cpp(439,10): warning C4996: 'sf::Text::setColor': was declared deprecated
  Piece.cpp
  RedPiece.cpp
C:\Users\mikel\source\repos\Connect Four\Pong\RedPiece.cpp(6,20): warning C4244: 'argument': conversion from 'int' to 'float', possible loss of data
C:\Users\mikel\source\repos\Connect Four\Pong\RedPiece.cpp(6,14): warning C4244: 'argument': conversion from 'int' to 'float', possible loss of data
  YellowPiece.cpp
C:\Users\mikel\source\repos\Connect Four\Pong\YellowPiece.cpp(6,20): warning C4244: 'argument': conversion from 'int' to 'float', possible loss of data
C:\Users\mikel\source\repos\Connect Four\Pong\YellowPiece.cpp(6,14): warning C4244: 'argument': conversion from 'int' to 'float', possible loss of data
  Generating Code...
C:\Program Files\Microsoft Visual Studio\2022\Community\MSBuild\Microsoft\VC\v170\Microsoft.CppCommon.targets(1096,5): error MSB6006: "link.exe" exited with code 1104.
LINK : fatal error LNK1104: cannot open file 'sfml-graphics.lib'
